<?xml version="1.0" encoding="UTF-8"?>
<!-- Generated by org.testng.reporters.JUnitReportReporter -->
<testsuite hostname="LAPTOP-87BMGUIK" failures="0" tests="1" name="parameterization.extentReport" time="32.744" errors="0" timestamp="2022-02-23T16:06:15 IST" skipped="0">
  <testcase classname="parameterization.extentReport" name="googleTitleValidation" time="32.744"/>
  <system-out/>
</testsuite> <!-- parameterization.extentReport -->
