<?xml version="1.0" encoding="UTF-8"?>
<!-- Generated by org.testng.reporters.JUnitReportReporter -->
<testsuite hostname="LAPTOP-87BMGUIK" failures="0" tests="1" name="seleniumPackages.Setup" time="23.873" errors="0" timestamp="2022-02-22T20:27:05 IST" skipped="0">
  <testcase classname="seleniumPackages.Setup" name="setUp" time="23.873"/>
  <system-out/>
</testsuite> <!-- seleniumPackages.Setup -->
