<?xml version="1.0" encoding="UTF-8"?>
<!-- Generated by org.testng.reporters.JUnitReportReporter -->
<testsuite hostname="LAPTOP-87BMGUIK" failures="0" tests="3" name="parameterization.dataProvider" time="57.988" errors="0" timestamp="2022-02-23T16:15:37 IST" skipped="0">
  <testcase classname="parameterization.dataProvider" name="search" time="17.417"/>
  <system-out/>
  <testcase classname="parameterization.dataProvider" name="search" time="17.146"/>
  <system-out/>
  <testcase classname="parameterization.dataProvider" name="search" time="23.425"/>
  <system-out/>
</testsuite> <!-- parameterization.dataProvider -->
